2021-06-17 09:38:19.800  INFO 8020 --- [restartedMain] com.example.demo.App                     : Starting App using Java 14.0.1 on LAPTOP-BCPSRR5J with PID 8020 (D:\Myc Program\java\springbootdemo\target\classes started by 霂雨晨 in D:\Myc Program\java\springbootdemo)
2021-06-17 09:38:19.805  INFO 8020 --- [restartedMain] com.example.demo.App                     : No active profile set, falling back to default profiles: default
2021-06-17 09:38:19.842  INFO 8020 --- [restartedMain] .e.DevToolsPropertyDefaultsPostProcessor : Devtools property defaults active! Set 'spring.devtools.add-properties' to 'false' to disable
2021-06-17 09:38:19.843  INFO 8020 --- [restartedMain] .e.DevToolsPropertyDefaultsPostProcessor : For additional web related logging consider setting the 'logging.level.web' property to 'DEBUG'
2021-06-17 09:38:20.265  INFO 8020 --- [restartedMain] .s.d.r.c.RepositoryConfigurationDelegate : Bootstrapping Spring Data JPA repositories in DEFAULT mode.
2021-06-17 09:38:20.303  INFO 8020 --- [restartedMain] .s.d.r.c.RepositoryConfigurationDelegate : Finished Spring Data repository scanning in 32 ms. Found 2 JPA repository interfaces.
2021-06-17 09:38:20.477  INFO 8020 --- [restartedMain] trationDelegate$BeanPostProcessorChecker : Bean 'org.springframework.ws.config.annotation.DelegatingWsConfiguration' of type [org.springframework.ws.config.annotation.DelegatingWsConfiguration$$EnhancerBySpringCGLIB$$be6d4963] is not eligible for getting processed by all BeanPostProcessors (for example: not eligible for auto-proxying)
2021-06-17 09:38:20.513  INFO 8020 --- [restartedMain] .w.s.a.s.AnnotationActionEndpointMapping : Supporting [WS-Addressing August 2004, WS-Addressing 1.0]
2021-06-17 09:38:20.700  INFO 8020 --- [restartedMain] o.s.b.w.embedded.tomcat.TomcatWebServer  : Tomcat initialized with port(s): 9527 (http)
2021-06-17 09:38:20.706  INFO 8020 --- [restartedMain] o.apache.catalina.core.StandardService   : Starting service [Tomcat]
2021-06-17 09:38:20.706  INFO 8020 --- [restartedMain] org.apache.catalina.core.StandardEngine  : Starting Servlet engine: [Apache Tomcat/9.0.45]
2021-06-17 09:38:20.767  INFO 8020 --- [restartedMain] o.a.c.c.C.[Tomcat].[localhost].[/demo]   : Initializing Spring embedded WebApplicationContext
2021-06-17 09:38:20.767  INFO 8020 --- [restartedMain] w.s.c.ServletWebServerApplicationContext : Root WebApplicationContext: initialization completed in 924 ms
2021-06-17 09:38:20.847  INFO 8020 --- [restartedMain] com.zaxxer.hikari.HikariDataSource       : HikariPool-1 - Starting...
2021-06-17 09:38:20.941  INFO 8020 --- [restartedMain] com.zaxxer.hikari.HikariDataSource       : HikariPool-1 - Start completed.
2021-06-17 09:38:21.471  INFO 8020 --- [restartedMain] j.LocalContainerEntityManagerFactoryBean : Initialized JPA EntityManagerFactory for persistence unit 'default'
2021-06-17 09:38:21.691  INFO 8020 --- [restartedMain] o.s.s.concurrent.ThreadPoolTaskExecutor  : Initializing ExecutorService 'applicationTaskExecutor'
2021-06-17 09:38:21.714  WARN 8020 --- [restartedMain] JpaBaseConfiguration$JpaWebConfiguration : spring.jpa.open-in-view is enabled by default. Therefore, database queries may be performed during view rendering. Explicitly configure spring.jpa.open-in-view to disable this warning
2021-06-17 09:38:21.914  INFO 8020 --- [restartedMain] o.s.b.d.a.OptionalLiveReloadServer       : LiveReload server is running on port 35729
2021-06-17 09:38:21.937  INFO 8020 --- [restartedMain] o.s.b.w.embedded.tomcat.TomcatWebServer  : Tomcat started on port(s): 9527 (http) with context path '/demo'
2021-06-17 09:38:21.944  INFO 8020 --- [restartedMain] com.example.demo.App                     : Started App in 2.463 seconds (JVM running for 3.054)
2021-06-17 09:39:09.227  INFO 8020 --- [http-nio-9527-exec-1] o.a.c.c.C.[Tomcat].[localhost].[/demo]   : Initializing Spring DispatcherServlet 'dispatcherServlet'
2021-06-17 09:39:09.227  INFO 8020 --- [http-nio-9527-exec-1] o.s.web.servlet.DispatcherServlet        : Initializing Servlet 'dispatcherServlet'
2021-06-17 09:39:09.228  INFO 8020 --- [http-nio-9527-exec-1] o.s.web.servlet.DispatcherServlet        : Completed initialization in 1 ms
2021-06-17 09:39:09.268  INFO 8020 --- [http-nio-9527-exec-1] com.example.demo.service.LogInAddOut     : {username=1410025842@qq.com, password=1234556}
2021-06-17 09:39:09.280 DEBUG 8020 --- [http-nio-9527-exec-1] c.e.demo.dao.LoginSelect.emailLogin      : ==>  Preparing: select password from user where email=?
2021-06-17 09:39:09.292 DEBUG 8020 --- [http-nio-9527-exec-1] c.e.demo.dao.LoginSelect.emailLogin      : ==> Parameters: 1410025842@qq.com(String)
2021-06-17 09:39:09.312 TRACE 8020 --- [http-nio-9527-exec-1] c.e.demo.dao.LoginSelect.emailLogin      : <==    Columns: password
2021-06-17 09:39:09.312 TRACE 8020 --- [http-nio-9527-exec-1] c.e.demo.dao.LoginSelect.emailLogin      : <==        Row: 1234556
2021-06-17 09:39:09.315 DEBUG 8020 --- [http-nio-9527-exec-1] c.e.demo.dao.LoginSelect.emailLogin      : <==      Total: 1
2021-06-17 09:39:09.333 DEBUG 8020 --- [http-nio-9527-exec-1] c.e.demo.dao.SelectDB.selectUserId       : ==>  Preparing: select id from user where email=?
2021-06-17 09:39:09.333 DEBUG 8020 --- [http-nio-9527-exec-1] c.e.demo.dao.SelectDB.selectUserId       : ==> Parameters: 1410025842@qq.com(String)
2021-06-17 09:39:09.334 TRACE 8020 --- [http-nio-9527-exec-1] c.e.demo.dao.SelectDB.selectUserId       : <==    Columns: id
2021-06-17 09:39:09.334 TRACE 8020 --- [http-nio-9527-exec-1] c.e.demo.dao.SelectDB.selectUserId       : <==        Row: 6666
2021-06-17 09:39:09.335 DEBUG 8020 --- [http-nio-9527-exec-1] c.e.demo.dao.SelectDB.selectUserId       : <==      Total: 1
2021-06-17 09:39:09.335  INFO 8020 --- [http-nio-9527-exec-1] c.e.d.s.servers.serives.LoginServer      : {username=6666, password=1234556, time=0}
2021-06-17 09:39:09.335  INFO 8020 --- [http-nio-9527-exec-1] c.e.d.service.servers.tools.BooleanTool  : 0
2021-06-17 09:39:09.336  INFO 8020 --- [http-nio-9527-exec-1] c.e.d.service.servers.tools.BooleanTool  : null
